17:02:46.685 [main] INFO  c.r.c.CinemaManagerApplicationTests - [logStarting,55] - Starting CinemaManagerApplicationTests using Java 25.0.1 on MacBook.local with PID 54334 (started by ln1 in /Users/ln1/Projects/基于JAVA+SpringBoot+Vue的前后端分离的电影院售票管理运营平台/code/CinemaManagerApi)
17:02:46.687 [main] INFO  c.r.c.CinemaManagerApplicationTests - [logStartupProfileInfo,660] - No active profile set, falling back to default profiles: default
17:02:46.686 [background-preinit] INFO  o.h.v.i.util.Version - [<clinit>,21] - HV000001: Hibernate Validator 6.1.6.Final
17:02:47.502 [main] INFO  c.a.d.p.DruidDataSource - [init,985] - {dataSource-1} inited
17:02:52.568 [Druid-ConnectionPool-Create-1115664153] INFO  c.a.d.p.DruidAbstractDataSource - [setFailContinuous,1799] - {dataSource-1} failContinuous is true
17:02:52.887 [main] INFO  o.q.i.StdSchedulerFactory - [instantiate,1220] - Using default implementation for ThreadExecutor
17:02:52.893 [main] INFO  o.q.c.SchedulerSignalerImpl - [<init>,61] - Initialized Scheduler Signaller of type: class org.quartz.core.SchedulerSignalerImpl
17:02:52.893 [main] INFO  o.q.c.QuartzScheduler - [<init>,229] - Quartz Scheduler v.2.3.2 created.
17:02:52.893 [main] INFO  o.q.s.RAMJobStore - [initialize,155] - RAMJobStore initialized.
17:02:52.894 [main] INFO  o.q.c.QuartzScheduler - [initialize,294] - Scheduler meta-data: Quartz Scheduler (v2.3.2) 'quartzScheduler' with instanceId 'NON_CLUSTERED'
  Scheduler class: 'org.quartz.core.QuartzScheduler' - running locally.
  NOT STARTED.
  Currently in standby mode.
  Number of jobs executed: 0
  Using thread pool 'org.quartz.simpl.SimpleThreadPool' - with 10 threads.
  Using job-store 'org.quartz.simpl.RAMJobStore' - which does not support persistence. and is not clustered.

17:02:52.894 [main] INFO  o.q.i.StdSchedulerFactory - [instantiate,1374] - Quartz scheduler 'quartzScheduler' initialized from an externally provided properties instance.
17:02:52.894 [main] INFO  o.q.i.StdSchedulerFactory - [instantiate,1378] - Quartz scheduler version: 2.3.2
17:02:52.894 [main] INFO  o.q.c.QuartzScheduler - [setJobFactory,2293] - JobFactory set to: org.springframework.scheduling.quartz.SpringBeanJobFactory@1fc52b51
17:02:52.914 [main] INFO  o.q.c.QuartzScheduler - [start,547] - Scheduler quartzScheduler_$_NON_CLUSTERED started.
17:02:52.918 [main] INFO  c.r.c.CinemaManagerApplicationTests - [logStarted,61] - Started CinemaManagerApplicationTests in 6.422 seconds (JVM running for 6.902)
17:02:53.112 [SpringContextShutdownHook] INFO  o.q.c.QuartzScheduler - [standby,585] - Scheduler quartzScheduler_$_NON_CLUSTERED paused.
17:02:53.112 [SpringContextShutdownHook] INFO  o.q.c.QuartzScheduler - [shutdown,666] - Scheduler quartzScheduler_$_NON_CLUSTERED shutting down.
17:02:53.112 [SpringContextShutdownHook] INFO  o.q.c.QuartzScheduler - [standby,585] - Scheduler quartzScheduler_$_NON_CLUSTERED paused.
17:02:53.112 [SpringContextShutdownHook] INFO  o.q.c.QuartzScheduler - [shutdown,740] - Scheduler quartzScheduler_$_NON_CLUSTERED shutdown complete.
17:02:53.152 [SpringContextShutdownHook] INFO  c.a.d.p.DruidDataSource - [close,2032] - {dataSource-1} closing ...
17:02:53.152 [SpringContextShutdownHook] INFO  c.a.d.p.DruidDataSource - [close,2104] - {dataSource-1} closed
17:10:18.713 [main] INFO  c.r.c.CinemaManagerApplicationTests - [logStarting,55] - Starting CinemaManagerApplicationTests using Java 25.0.1 on MacBook.local with PID 55726 (started by ln1 in /Users/ln1/Projects/基于JAVA+SpringBoot+Vue的前后端分离的电影院售票管理运营平台/code/CinemaManagerApi)
17:10:18.715 [main] INFO  c.r.c.CinemaManagerApplicationTests - [logStartupProfileInfo,660] - No active profile set, falling back to default profiles: default
17:10:18.715 [background-preinit] INFO  o.h.v.i.util.Version - [<clinit>,21] - HV000001: Hibernate Validator 6.1.6.Final
17:10:19.572 [main] INFO  c.a.d.p.DruidDataSource - [init,985] - {dataSource-1} inited
17:10:24.639 [Druid-ConnectionPool-Create-1278864070] INFO  c.a.d.p.DruidAbstractDataSource - [setFailContinuous,1799] - {dataSource-1} failContinuous is true
17:10:25.004 [main] INFO  o.q.i.StdSchedulerFactory - [instantiate,1220] - Using default implementation for ThreadExecutor
17:10:25.010 [main] INFO  o.q.c.SchedulerSignalerImpl - [<init>,61] - Initialized Scheduler Signaller of type: class org.quartz.core.SchedulerSignalerImpl
17:10:25.011 [main] INFO  o.q.c.QuartzScheduler - [<init>,229] - Quartz Scheduler v.2.3.2 created.
17:10:25.011 [main] INFO  o.q.s.RAMJobStore - [initialize,155] - RAMJobStore initialized.
17:10:25.011 [main] INFO  o.q.c.QuartzScheduler - [initialize,294] - Scheduler meta-data: Quartz Scheduler (v2.3.2) 'quartzScheduler' with instanceId 'NON_CLUSTERED'
  Scheduler class: 'org.quartz.core.QuartzScheduler' - running locally.
  NOT STARTED.
  Currently in standby mode.
  Number of jobs executed: 0
  Using thread pool 'org.quartz.simpl.SimpleThreadPool' - with 10 threads.
  Using job-store 'org.quartz.simpl.RAMJobStore' - which does not support persistence. and is not clustered.

17:10:25.011 [main] INFO  o.q.i.StdSchedulerFactory - [instantiate,1374] - Quartz scheduler 'quartzScheduler' initialized from an externally provided properties instance.
17:10:25.012 [main] INFO  o.q.i.StdSchedulerFactory - [instantiate,1378] - Quartz scheduler version: 2.3.2
17:10:25.012 [main] INFO  o.q.c.QuartzScheduler - [setJobFactory,2293] - JobFactory set to: org.springframework.scheduling.quartz.SpringBeanJobFactory@6c73d88c
17:10:25.034 [main] INFO  o.q.c.QuartzScheduler - [start,547] - Scheduler quartzScheduler_$_NON_CLUSTERED started.
17:10:25.039 [main] INFO  c.r.c.CinemaManagerApplicationTests - [logStarted,61] - Started CinemaManagerApplicationTests in 6.519 seconds (JVM running for 7.014)
17:10:25.333 [SpringContextShutdownHook] INFO  o.q.c.QuartzScheduler - [standby,585] - Scheduler quartzScheduler_$_NON_CLUSTERED paused.
17:10:25.333 [SpringContextShutdownHook] INFO  o.q.c.QuartzScheduler - [shutdown,666] - Scheduler quartzScheduler_$_NON_CLUSTERED shutting down.
17:10:25.333 [SpringContextShutdownHook] INFO  o.q.c.QuartzScheduler - [standby,585] - Scheduler quartzScheduler_$_NON_CLUSTERED paused.
17:10:25.333 [SpringContextShutdownHook] INFO  o.q.c.QuartzScheduler - [shutdown,740] - Scheduler quartzScheduler_$_NON_CLUSTERED shutdown complete.
17:10:25.375 [SpringContextShutdownHook] INFO  c.a.d.p.DruidDataSource - [close,2032] - {dataSource-1} closing ...
17:10:25.375 [SpringContextShutdownHook] INFO  c.a.d.p.DruidDataSource - [close,2104] - {dataSource-1} closed
17:10:36.197 [main] INFO  c.r.c.CinemaManagerApplicationTests - [logStarting,55] - Starting CinemaManagerApplicationTests using Java 25.0.1 on MacBook.local with PID 55975 (started by ln1 in /Users/ln1/Projects/基于JAVA+SpringBoot+Vue的前后端分离的电影院售票管理运营平台/code/CinemaManagerApi)
17:10:36.198 [background-preinit] INFO  o.h.v.i.util.Version - [<clinit>,21] - HV000001: Hibernate Validator 6.1.6.Final
17:10:36.199 [main] INFO  c.r.c.CinemaManagerApplicationTests - [logStartupProfileInfo,660] - No active profile set, falling back to default profiles: default
17:10:37.008 [main] INFO  c.a.d.p.DruidDataSource - [init,985] - {dataSource-1} inited
17:10:42.073 [Druid-ConnectionPool-Create-1278864070] INFO  c.a.d.p.DruidAbstractDataSource - [setFailContinuous,1799] - {dataSource-1} failContinuous is true
17:10:42.415 [main] INFO  o.q.i.StdSchedulerFactory - [instantiate,1220] - Using default implementation for ThreadExecutor
17:10:42.420 [main] INFO  o.q.c.SchedulerSignalerImpl - [<init>,61] - Initialized Scheduler Signaller of type: class org.quartz.core.SchedulerSignalerImpl
17:10:42.420 [main] INFO  o.q.c.QuartzScheduler - [<init>,229] - Quartz Scheduler v.2.3.2 created.
17:10:42.420 [main] INFO  o.q.s.RAMJobStore - [initialize,155] - RAMJobStore initialized.
17:10:42.421 [main] INFO  o.q.c.QuartzScheduler - [initialize,294] - Scheduler meta-data: Quartz Scheduler (v2.3.2) 'quartzScheduler' with instanceId 'NON_CLUSTERED'
  Scheduler class: 'org.quartz.core.QuartzScheduler' - running locally.
  NOT STARTED.
  Currently in standby mode.
  Number of jobs executed: 0
  Using thread pool 'org.quartz.simpl.SimpleThreadPool' - with 10 threads.
  Using job-store 'org.quartz.simpl.RAMJobStore' - which does not support persistence. and is not clustered.

17:10:42.421 [main] INFO  o.q.i.StdSchedulerFactory - [instantiate,1374] - Quartz scheduler 'quartzScheduler' initialized from an externally provided properties instance.
17:10:42.421 [main] INFO  o.q.i.StdSchedulerFactory - [instantiate,1378] - Quartz scheduler version: 2.3.2
17:10:42.421 [main] INFO  o.q.c.QuartzScheduler - [setJobFactory,2293] - JobFactory set to: org.springframework.scheduling.quartz.SpringBeanJobFactory@7e36c60b
17:10:42.442 [main] INFO  o.q.c.QuartzScheduler - [start,547] - Scheduler quartzScheduler_$_NON_CLUSTERED started.
17:10:42.447 [main] INFO  c.r.c.CinemaManagerApplicationTests - [logStarted,61] - Started CinemaManagerApplicationTests in 6.431 seconds (JVM running for 6.933)
17:10:42.728 [SpringContextShutdownHook] INFO  o.q.c.QuartzScheduler - [standby,585] - Scheduler quartzScheduler_$_NON_CLUSTERED paused.
17:10:42.729 [SpringContextShutdownHook] INFO  o.q.c.QuartzScheduler - [shutdown,666] - Scheduler quartzScheduler_$_NON_CLUSTERED shutting down.
17:10:42.729 [SpringContextShutdownHook] INFO  o.q.c.QuartzScheduler - [standby,585] - Scheduler quartzScheduler_$_NON_CLUSTERED paused.
17:10:42.729 [SpringContextShutdownHook] INFO  o.q.c.QuartzScheduler - [shutdown,740] - Scheduler quartzScheduler_$_NON_CLUSTERED shutdown complete.
17:10:42.771 [SpringContextShutdownHook] INFO  c.a.d.p.DruidDataSource - [close,2032] - {dataSource-1} closing ...
17:10:42.771 [SpringContextShutdownHook] INFO  c.a.d.p.DruidDataSource - [close,2104] - {dataSource-1} closed
17:11:19.016 [main] INFO  c.r.c.CinemaManagerApplicationTests - [logStarting,55] - Starting CinemaManagerApplicationTests using Java 25.0.1 on MacBook.local with PID 56216 (started by ln1 in /Users/ln1/Projects/基于JAVA+SpringBoot+Vue的前后端分离的电影院售票管理运营平台/code/CinemaManagerApi)
17:11:19.017 [main] INFO  c.r.c.CinemaManagerApplicationTests - [logStartupProfileInfo,660] - No active profile set, falling back to default profiles: default
17:11:19.019 [background-preinit] INFO  o.h.v.i.util.Version - [<clinit>,21] - HV000001: Hibernate Validator 6.1.6.Final
17:11:19.849 [main] INFO  c.a.d.p.DruidDataSource - [init,985] - {dataSource-1} inited
17:11:24.918 [Druid-ConnectionPool-Create-1815146436] INFO  c.a.d.p.DruidAbstractDataSource - [setFailContinuous,1799] - {dataSource-1} failContinuous is true
17:11:25.245 [main] INFO  o.q.i.StdSchedulerFactory - [instantiate,1220] - Using default implementation for ThreadExecutor
17:11:25.251 [main] INFO  o.q.c.SchedulerSignalerImpl - [<init>,61] - Initialized Scheduler Signaller of type: class org.quartz.core.SchedulerSignalerImpl
17:11:25.251 [main] INFO  o.q.c.QuartzScheduler - [<init>,229] - Quartz Scheduler v.2.3.2 created.
17:11:25.252 [main] INFO  o.q.s.RAMJobStore - [initialize,155] - RAMJobStore initialized.
17:11:25.252 [main] INFO  o.q.c.QuartzScheduler - [initialize,294] - Scheduler meta-data: Quartz Scheduler (v2.3.2) 'quartzScheduler' with instanceId 'NON_CLUSTERED'
  Scheduler class: 'org.quartz.core.QuartzScheduler' - running locally.
  NOT STARTED.
  Currently in standby mode.
  Number of jobs executed: 0
  Using thread pool 'org.quartz.simpl.SimpleThreadPool' - with 10 threads.
  Using job-store 'org.quartz.simpl.RAMJobStore' - which does not support persistence. and is not clustered.

17:11:25.252 [main] INFO  o.q.i.StdSchedulerFactory - [instantiate,1374] - Quartz scheduler 'quartzScheduler' initialized from an externally provided properties instance.
17:11:25.252 [main] INFO  o.q.i.StdSchedulerFactory - [instantiate,1378] - Quartz scheduler version: 2.3.2
17:11:25.252 [main] INFO  o.q.c.QuartzScheduler - [setJobFactory,2293] - JobFactory set to: org.springframework.scheduling.quartz.SpringBeanJobFactory@70420c70
17:11:25.273 [main] INFO  o.q.c.QuartzScheduler - [start,547] - Scheduler quartzScheduler_$_NON_CLUSTERED started.
17:11:25.278 [main] INFO  c.r.c.CinemaManagerApplicationTests - [logStarted,61] - Started CinemaManagerApplicationTests in 6.458 seconds (JVM running for 6.966)
17:11:25.562 [SpringContextShutdownHook] INFO  o.q.c.QuartzScheduler - [standby,585] - Scheduler quartzScheduler_$_NON_CLUSTERED paused.
17:11:25.562 [SpringContextShutdownHook] INFO  o.q.c.QuartzScheduler - [shutdown,666] - Scheduler quartzScheduler_$_NON_CLUSTERED shutting down.
17:11:25.562 [SpringContextShutdownHook] INFO  o.q.c.QuartzScheduler - [standby,585] - Scheduler quartzScheduler_$_NON_CLUSTERED paused.
17:11:25.562 [SpringContextShutdownHook] INFO  o.q.c.QuartzScheduler - [shutdown,740] - Scheduler quartzScheduler_$_NON_CLUSTERED shutdown complete.
17:11:25.605 [SpringContextShutdownHook] INFO  c.a.d.p.DruidDataSource - [close,2032] - {dataSource-1} closing ...
17:11:25.605 [SpringContextShutdownHook] INFO  c.a.d.p.DruidDataSource - [close,2104] - {dataSource-1} closed
17:15:11.754 [main] INFO  c.r.c.CinemaManagerApplicationTests - [logStarting,55] - Starting CinemaManagerApplicationTests using Java 25.0.1 on MacBook.local with PID 56933 (started by ln1 in /Users/ln1/Projects/基于JAVA+SpringBoot+Vue的前后端分离的电影院售票管理运营平台/code/CinemaManagerApi)
17:15:11.755 [main] INFO  c.r.c.CinemaManagerApplicationTests - [logStartupProfileInfo,660] - No active profile set, falling back to default profiles: default
17:15:11.756 [background-preinit] INFO  o.h.v.i.util.Version - [<clinit>,21] - HV000001: Hibernate Validator 6.1.6.Final
17:15:12.686 [main] INFO  c.a.d.p.DruidDataSource - [init,985] - {dataSource-1} inited
17:15:17.753 [Druid-ConnectionPool-Create-2095611317] INFO  c.a.d.p.DruidAbstractDataSource - [setFailContinuous,1799] - {dataSource-1} failContinuous is true
17:15:18.132 [main] INFO  o.q.i.StdSchedulerFactory - [instantiate,1220] - Using default implementation for ThreadExecutor
17:15:18.138 [main] INFO  o.q.c.SchedulerSignalerImpl - [<init>,61] - Initialized Scheduler Signaller of type: class org.quartz.core.SchedulerSignalerImpl
17:15:18.138 [main] INFO  o.q.c.QuartzScheduler - [<init>,229] - Quartz Scheduler v.2.3.2 created.
17:15:18.139 [main] INFO  o.q.s.RAMJobStore - [initialize,155] - RAMJobStore initialized.
17:15:18.139 [main] INFO  o.q.c.QuartzScheduler - [initialize,294] - Scheduler meta-data: Quartz Scheduler (v2.3.2) 'quartzScheduler' with instanceId 'NON_CLUSTERED'
  Scheduler class: 'org.quartz.core.QuartzScheduler' - running locally.
  NOT STARTED.
  Currently in standby mode.
  Number of jobs executed: 0
  Using thread pool 'org.quartz.simpl.SimpleThreadPool' - with 10 threads.
  Using job-store 'org.quartz.simpl.RAMJobStore' - which does not support persistence. and is not clustered.

17:15:18.139 [main] INFO  o.q.i.StdSchedulerFactory - [instantiate,1374] - Quartz scheduler 'quartzScheduler' initialized from an externally provided properties instance.
17:15:18.139 [main] INFO  o.q.i.StdSchedulerFactory - [instantiate,1378] - Quartz scheduler version: 2.3.2
17:15:18.139 [main] INFO  o.q.c.QuartzScheduler - [setJobFactory,2293] - JobFactory set to: org.springframework.scheduling.quartz.SpringBeanJobFactory@2e7e9897
17:15:18.162 [main] INFO  o.q.c.QuartzScheduler - [start,547] - Scheduler quartzScheduler_$_NON_CLUSTERED started.
17:15:18.167 [main] INFO  c.r.c.CinemaManagerApplicationTests - [logStarted,61] - Started CinemaManagerApplicationTests in 6.611 seconds (JVM running for 7.175)
17:15:18.493 [SpringContextShutdownHook] INFO  o.q.c.QuartzScheduler - [standby,585] - Scheduler quartzScheduler_$_NON_CLUSTERED paused.
17:15:18.493 [SpringContextShutdownHook] INFO  o.q.c.QuartzScheduler - [shutdown,666] - Scheduler quartzScheduler_$_NON_CLUSTERED shutting down.
17:15:18.493 [SpringContextShutdownHook] INFO  o.q.c.QuartzScheduler - [standby,585] - Scheduler quartzScheduler_$_NON_CLUSTERED paused.
17:15:18.494 [SpringContextShutdownHook] INFO  o.q.c.QuartzScheduler - [shutdown,740] - Scheduler quartzScheduler_$_NON_CLUSTERED shutdown complete.
17:15:18.536 [SpringContextShutdownHook] INFO  c.a.d.p.DruidDataSource - [close,2032] - {dataSource-1} closing ...
17:15:18.537 [SpringContextShutdownHook] INFO  c.a.d.p.DruidDataSource - [close,2104] - {dataSource-1} closed
17:16:38.646 [main] INFO  c.r.c.CinemaManagerApplicationTests - [logStarting,55] - Starting CinemaManagerApplicationTests using Java 25.0.1 on MacBook.local with PID 57619 (started by ln1 in /Users/ln1/Projects/基于JAVA+SpringBoot+Vue的前后端分离的电影院售票管理运营平台/code/CinemaManagerApi)
17:16:38.647 [main] INFO  c.r.c.CinemaManagerApplicationTests - [logStartupProfileInfo,660] - No active profile set, falling back to default profiles: default
17:16:38.647 [background-preinit] INFO  o.h.v.i.util.Version - [<clinit>,21] - HV000001: Hibernate Validator 6.1.6.Final
17:16:39.523 [main] INFO  c.a.d.p.DruidDataSource - [init,985] - {dataSource-1} inited
17:16:44.592 [Druid-ConnectionPool-Create-1886777233] INFO  c.a.d.p.DruidAbstractDataSource - [setFailContinuous,1799] - {dataSource-1} failContinuous is true
17:16:44.969 [main] INFO  o.q.i.StdSchedulerFactory - [instantiate,1220] - Using default implementation for ThreadExecutor
17:16:44.975 [main] INFO  o.q.c.SchedulerSignalerImpl - [<init>,61] - Initialized Scheduler Signaller of type: class org.quartz.core.SchedulerSignalerImpl
17:16:44.976 [main] INFO  o.q.c.QuartzScheduler - [<init>,229] - Quartz Scheduler v.2.3.2 created.
17:16:44.976 [main] INFO  o.q.s.RAMJobStore - [initialize,155] - RAMJobStore initialized.
17:16:44.976 [main] INFO  o.q.c.QuartzScheduler - [initialize,294] - Scheduler meta-data: Quartz Scheduler (v2.3.2) 'quartzScheduler' with instanceId 'NON_CLUSTERED'
  Scheduler class: 'org.quartz.core.QuartzScheduler' - running locally.
  NOT STARTED.
  Currently in standby mode.
  Number of jobs executed: 0
  Using thread pool 'org.quartz.simpl.SimpleThreadPool' - with 10 threads.
  Using job-store 'org.quartz.simpl.RAMJobStore' - which does not support persistence. and is not clustered.

17:16:44.976 [main] INFO  o.q.i.StdSchedulerFactory - [instantiate,1374] - Quartz scheduler 'quartzScheduler' initialized from an externally provided properties instance.
17:16:44.977 [main] INFO  o.q.i.StdSchedulerFactory - [instantiate,1378] - Quartz scheduler version: 2.3.2
17:16:44.977 [main] INFO  o.q.c.QuartzScheduler - [setJobFactory,2293] - JobFactory set to: org.springframework.scheduling.quartz.SpringBeanJobFactory@1ee9a039
17:16:44.996 [main] INFO  o.q.c.QuartzScheduler - [start,547] - Scheduler quartzScheduler_$_NON_CLUSTERED started.
17:16:45.001 [main] INFO  c.r.c.CinemaManagerApplicationTests - [logStarted,61] - Started CinemaManagerApplicationTests in 6.534 seconds (JVM running for 7.018)
17:16:45.312 [SpringContextShutdownHook] INFO  o.q.c.QuartzScheduler - [standby,585] - Scheduler quartzScheduler_$_NON_CLUSTERED paused.
17:16:45.312 [SpringContextShutdownHook] INFO  o.q.c.QuartzScheduler - [shutdown,666] - Scheduler quartzScheduler_$_NON_CLUSTERED shutting down.
17:16:45.312 [SpringContextShutdownHook] INFO  o.q.c.QuartzScheduler - [standby,585] - Scheduler quartzScheduler_$_NON_CLUSTERED paused.
17:16:45.312 [SpringContextShutdownHook] INFO  o.q.c.QuartzScheduler - [shutdown,740] - Scheduler quartzScheduler_$_NON_CLUSTERED shutdown complete.
17:16:45.371 [SpringContextShutdownHook] INFO  c.a.d.p.DruidDataSource - [close,2032] - {dataSource-1} closing ...
17:16:45.371 [SpringContextShutdownHook] INFO  c.a.d.p.DruidDataSource - [close,2104] - {dataSource-1} closed
17:32:05.625 [main] INFO  c.r.c.CinemaManagerApplicationTests - [logStarting,55] - Starting CinemaManagerApplicationTests using Java 25.0.1 on MacBook.local with PID 59920 (started by ln1 in /Users/ln1/Projects/基于JAVA+SpringBoot+Vue的前后端分离的电影院售票管理运营平台/code/CinemaManagerApi)
17:32:05.627 [main] INFO  c.r.c.CinemaManagerApplicationTests - [logStartupProfileInfo,660] - No active profile set, falling back to default profiles: default
17:32:05.626 [background-preinit] INFO  o.h.v.i.util.Version - [<clinit>,21] - HV000001: Hibernate Validator 6.1.6.Final
17:32:06.558 [main] INFO  c.a.d.p.DruidDataSource - [init,985] - {dataSource-1} inited
17:32:11.622 [Druid-ConnectionPool-Create-323284516] INFO  c.a.d.p.DruidAbstractDataSource - [setFailContinuous,1799] - {dataSource-1} failContinuous is true
17:32:12.000 [main] INFO  o.q.i.StdSchedulerFactory - [instantiate,1220] - Using default implementation for ThreadExecutor
17:32:12.007 [main] INFO  o.q.c.SchedulerSignalerImpl - [<init>,61] - Initialized Scheduler Signaller of type: class org.quartz.core.SchedulerSignalerImpl
17:32:12.007 [main] INFO  o.q.c.QuartzScheduler - [<init>,229] - Quartz Scheduler v.2.3.2 created.
17:32:12.007 [main] INFO  o.q.s.RAMJobStore - [initialize,155] - RAMJobStore initialized.
17:32:12.008 [main] INFO  o.q.c.QuartzScheduler - [initialize,294] - Scheduler meta-data: Quartz Scheduler (v2.3.2) 'quartzScheduler' with instanceId 'NON_CLUSTERED'
  Scheduler class: 'org.quartz.core.QuartzScheduler' - running locally.
  NOT STARTED.
  Currently in standby mode.
  Number of jobs executed: 0
  Using thread pool 'org.quartz.simpl.SimpleThreadPool' - with 10 threads.
  Using job-store 'org.quartz.simpl.RAMJobStore' - which does not support persistence. and is not clustered.

17:32:12.008 [main] INFO  o.q.i.StdSchedulerFactory - [instantiate,1374] - Quartz scheduler 'quartzScheduler' initialized from an externally provided properties instance.
17:32:12.008 [main] INFO  o.q.i.StdSchedulerFactory - [instantiate,1378] - Quartz scheduler version: 2.3.2
17:32:12.008 [main] INFO  o.q.c.QuartzScheduler - [setJobFactory,2293] - JobFactory set to: org.springframework.scheduling.quartz.SpringBeanJobFactory@6670d46e
17:32:12.030 [main] INFO  o.q.c.QuartzScheduler - [start,547] - Scheduler quartzScheduler_$_NON_CLUSTERED started.
17:32:12.036 [main] INFO  c.r.c.CinemaManagerApplicationTests - [logStarted,61] - Started CinemaManagerApplicationTests in 6.629 seconds (JVM running for 7.185)
17:32:12.393 [SpringContextShutdownHook] INFO  o.q.c.QuartzScheduler - [standby,585] - Scheduler quartzScheduler_$_NON_CLUSTERED paused.
17:32:12.394 [SpringContextShutdownHook] INFO  o.q.c.QuartzScheduler - [shutdown,666] - Scheduler quartzScheduler_$_NON_CLUSTERED shutting down.
17:32:12.394 [SpringContextShutdownHook] INFO  o.q.c.QuartzScheduler - [standby,585] - Scheduler quartzScheduler_$_NON_CLUSTERED paused.
17:32:12.394 [SpringContextShutdownHook] INFO  o.q.c.QuartzScheduler - [shutdown,740] - Scheduler quartzScheduler_$_NON_CLUSTERED shutdown complete.
17:32:12.452 [SpringContextShutdownHook] INFO  c.a.d.p.DruidDataSource - [close,2032] - {dataSource-1} closing ...
17:32:12.454 [SpringContextShutdownHook] INFO  c.a.d.p.DruidDataSource - [close,2104] - {dataSource-1} closed
